<?xml version="1.0" encoding="UTF-8"?>
<!-- Generated by org.testng.reporters.JUnitReportReporter -->
<testsuite hostname="PRINHYLTPHP0508" name="com.wavemakerstudio.tests.Login_Test" tests="1" failures="0" timestamp="25 Nov 2015 07:16:05 GMT" time="37.990" errors="0">
  <testcase name="Import_SampleDB" time="37.990" classname="com.wavemakerstudio.tests.Login_Test"/>
</testsuite> <!-- com.wavemakerstudio.tests.Login_Test -->
