<?xml version="1.0" encoding="UTF-8"?>
<!-- Generated by org.testng.reporters.JUnitReportReporter -->
<testsuite hostname="PRINHYLTPHP0508" name="com.wavemakerstudio.tests.Login_Fail_Test" tests="1" failures="0" timestamp="25 Nov 2015 07:16:05 GMT" time="10.465" errors="0">
  <testcase name="Login_Test_fail" time="10.465" classname="com.wavemakerstudio.tests.Login_Fail_Test"/>
</testsuite> <!-- com.wavemakerstudio.tests.Login_Fail_Test -->
