<?xml version="1.0" encoding="UTF-8"?>
<!-- Generated by org.testng.reporters.JUnitReportReporter -->
<testsuite hostname="PRINHYLTPDL0556" name="com.demo.scripts.Login_Test" tests="1" failures="0" timestamp="23 Nov 2015 09:18:32 GMT" time="9.961" errors="0">
  <testcase name="Login_Test" time="9.961" classname="com.demo.scripts.Login_Test"/>
</testsuite> <!-- com.demo.scripts.Login_Test -->
