<?xml version="1.0" encoding="UTF-8"?>
<!-- Generated by org.testng.reporters.JUnitReportReporter -->
<testsuite hostname="PRINHYLTPHP0508" name="com.demo.scripts.Login_Test" tests="1" failures="0" timestamp="25 Nov 2015 06:46:39 GMT" time="40.199" errors="0">
  <testcase name="Import_SampleDB" time="40.199" classname="com.demo.scripts.Login_Test"/>
</testsuite> <!-- com.demo.scripts.Login_Test -->
