<?xml version="1.0" encoding="UTF-8"?>
<!-- Generated by org.testng.reporters.JUnitReportReporter -->
<testsuite hostname="PRINHYLTPHP0508" name="com.demo.scripts.Login_Test" tests="1" failures="0" timestamp="24 Nov 2015 08:36:47 GMT" time="89.358" errors="0">
  <testcase name="Import_SampleDB" time="89.358" classname="com.demo.scripts.Login_Test"/>
</testsuite> <!-- com.demo.scripts.Login_Test -->
