<?xml version="1.0" encoding="UTF-8"?>
<!-- Generated by org.testng.reporters.JUnitReportReporter -->
<testsuite hostname="HW0675" name="com.demo.scripts.Submit_Claim" tests="1" failures="0" timestamp="29 Oct 2014 12:08:42 GMT" time="100.157" errors="0">
  <testcase name="Submit_Claim" time="100.157" classname="com.demo.scripts.Submit_Claim"/>
</testsuite> <!-- com.demo.scripts.Submit_Claim -->
