<?xml version="1.0" encoding="UTF-8"?>
<!-- Generated by org.testng.reporters.JUnitReportReporter -->
<testsuite hostname="HW0675" name="com.demo.scripts.Verify_Dependent_Coverage" tests="1" failures="0" timestamp="29 Oct 2014 12:08:42 GMT" time="45.278" errors="0">
  <testcase name="Verify_Dependent_Coverage" time="45.278" classname="com.demo.scripts.Verify_Dependent_Coverage"/>
</testsuite> <!-- com.demo.scripts.Verify_Dependent_Coverage -->
